<?xml version="1.0" encoding="UTF-8"?>
<!-- Generated by org.testng.reporters.JUnitXMLReporter -->
<testsuite ignored="0" hostname="Neutara" failures="0" tests="13" name="Default test" time="229.523" errors="0" timestamp="2026-04-10T12:12:00 GMT-04:00">
  <testcase classname="savyotestscrit.Savyouaudit2" name="tc01_openBrowserAndEnterUrl" time="22.776"/>
  <testcase classname="savyotestscrit.Savyouaudit2" name="tc02_navigateToSignIn" time="3.529"/>
  <testcase classname="savyotestscrit.Savyouaudit2" name="tc03_enterUsername" time="1.175"/>
  <testcase classname="savyotestscrit.Savyouaudit2" name="tc04_enterPassword" time="1.04"/>
  <testcase classname="savyotestscrit.Savyouaudit2" name="tc05_clickSignIn" time="4.709"/>
  <testcase classname="savyotestscrit.Savyouaudit2" name="tc06_hoverCategoryMenu" time="2.084"/>
  <testcase classname="savyotestscrit.Savyouaudit2" name="tc07_openCategory" time="107.696"/>
  <testcase classname="savyotestscrit.Savyouaudit2" name="tc08_openProductPage" time="26.062"/>
  <testcase classname="savyotestscrit.Savyouaudit2" name="tc09_addToCart" time="3.901"/>
  <testcase classname="savyotestscrit.Savyouaudit2" name="tc10_openCartPage" time="28.428"/>
  <testcase classname="savyotestscrit.Savyouaudit2" name="tc11_goToCheckout" time="9.098"/>
  <testcase classname="savyotestscrit.Savyouaudit2" name="tc12_selectShippingAndFinalCheckout" time="4.431"/>
  <testcase classname="savyotestscrit.Savyouaudit2" name="tc13_returnToHomePage" time="6.054"/>
</testsuite> <!-- Default test -->
