<?xml version="1.0" encoding="UTF-8"?>
<testng-results ignored="0" total="13" passed="13" failed="0" skipped="0">
  <reporter-output>
  </reporter-output>
  <suite started-at="2026-04-10T12:08:11 GMT-04:00" name="Default suite" finished-at="2026-04-10T12:12:00 GMT-04:00" duration-ms="229523">
    <groups>
    </groups>
    <test started-at="2026-04-10T12:08:11 GMT-04:00" name="Default test" finished-at="2026-04-10T12:12:00 GMT-04:00" duration-ms="229523">
      <class name="savyotestscrit.Savyouaudit2">
        <test-method is-config="true" signature="beforeClass()[pri:0, instance:savyotestscrit.Savyouaudit2@35dab4eb]" started-at="2026-04-10T12:08:11 GMT-04:00" name="beforeClass" finished-at="2026-04-10T12:08:15 GMT-04:00" duration-ms="4239" status="PASS">
          <reporter-output>
          </reporter-output>
        </test-method> <!-- beforeClass -->
        <test-method signature="tc01_openBrowserAndEnterUrl()[pri:1, instance:savyotestscrit.Savyouaudit2@35dab4eb]" started-at="2026-04-10T12:08:15 GMT-04:00" name="tc01_openBrowserAndEnterUrl" finished-at="2026-04-10T12:08:38 GMT-04:00" duration-ms="22776" status="PASS">
          <reporter-output>
          </reporter-output>
        </test-method> <!-- tc01_openBrowserAndEnterUrl -->
        <test-method signature="tc02_navigateToSignIn()[pri:2, instance:savyotestscrit.Savyouaudit2@35dab4eb]" started-at="2026-04-10T12:08:38 GMT-04:00" name="tc02_navigateToSignIn" finished-at="2026-04-10T12:08:42 GMT-04:00" depends-on-methods="savyotestscrit.Savyouaudit2.tc01_openBrowserAndEnterUrl" duration-ms="3529" status="PASS">
          <reporter-output>
          </reporter-output>
        </test-method> <!-- tc02_navigateToSignIn -->
        <test-method signature="tc03_enterUsername()[pri:3, instance:savyotestscrit.Savyouaudit2@35dab4eb]" started-at="2026-04-10T12:08:42 GMT-04:00" name="tc03_enterUsername" finished-at="2026-04-10T12:08:43 GMT-04:00" depends-on-methods="savyotestscrit.Savyouaudit2.tc02_navigateToSignIn" duration-ms="1175" status="PASS">
          <reporter-output>
          </reporter-output>
        </test-method> <!-- tc03_enterUsername -->
        <test-method signature="tc04_enterPassword()[pri:4, instance:savyotestscrit.Savyouaudit2@35dab4eb]" started-at="2026-04-10T12:08:43 GMT-04:00" name="tc04_enterPassword" finished-at="2026-04-10T12:08:44 GMT-04:00" depends-on-methods="savyotestscrit.Savyouaudit2.tc03_enterUsername" duration-ms="1040" status="PASS">
          <reporter-output>
          </reporter-output>
        </test-method> <!-- tc04_enterPassword -->
        <test-method signature="tc05_clickSignIn()[pri:5, instance:savyotestscrit.Savyouaudit2@35dab4eb]" started-at="2026-04-10T12:08:44 GMT-04:00" name="tc05_clickSignIn" finished-at="2026-04-10T12:08:49 GMT-04:00" depends-on-methods="savyotestscrit.Savyouaudit2.tc04_enterPassword" duration-ms="4709" status="PASS">
          <reporter-output>
          </reporter-output>
        </test-method> <!-- tc05_clickSignIn -->
        <test-method signature="tc06_hoverCategoryMenu()[pri:6, instance:savyotestscrit.Savyouaudit2@35dab4eb]" started-at="2026-04-10T12:08:49 GMT-04:00" name="tc06_hoverCategoryMenu" finished-at="2026-04-10T12:08:51 GMT-04:00" depends-on-methods="savyotestscrit.Savyouaudit2.tc05_clickSignIn" duration-ms="2084" status="PASS">
          <reporter-output>
          </reporter-output>
        </test-method> <!-- tc06_hoverCategoryMenu -->
        <test-method signature="tc07_openCategory()[pri:7, instance:savyotestscrit.Savyouaudit2@35dab4eb]" started-at="2026-04-10T12:08:51 GMT-04:00" name="tc07_openCategory" finished-at="2026-04-10T12:10:38 GMT-04:00" depends-on-methods="savyotestscrit.Savyouaudit2.tc06_hoverCategoryMenu" duration-ms="107696" status="PASS">
          <reporter-output>
          </reporter-output>
        </test-method> <!-- tc07_openCategory -->
        <test-method signature="tc08_openProductPage()[pri:8, instance:savyotestscrit.Savyouaudit2@35dab4eb]" started-at="2026-04-10T12:10:38 GMT-04:00" name="tc08_openProductPage" finished-at="2026-04-10T12:11:05 GMT-04:00" depends-on-methods="savyotestscrit.Savyouaudit2.tc07_openCategory" duration-ms="26062" status="PASS">
          <reporter-output>
          </reporter-output>
        </test-method> <!-- tc08_openProductPage -->
        <test-method signature="tc09_addToCart()[pri:9, instance:savyotestscrit.Savyouaudit2@35dab4eb]" started-at="2026-04-10T12:11:05 GMT-04:00" name="tc09_addToCart" finished-at="2026-04-10T12:11:08 GMT-04:00" depends-on-methods="savyotestscrit.Savyouaudit2.tc08_openProductPage" duration-ms="3901" status="PASS">
          <reporter-output>
          </reporter-output>
        </test-method> <!-- tc09_addToCart -->
        <test-method signature="tc10_openCartPage()[pri:10, instance:savyotestscrit.Savyouaudit2@35dab4eb]" started-at="2026-04-10T12:11:08 GMT-04:00" name="tc10_openCartPage" finished-at="2026-04-10T12:11:37 GMT-04:00" depends-on-methods="savyotestscrit.Savyouaudit2.tc09_addToCart" duration-ms="28428" status="PASS">
          <reporter-output>
          </reporter-output>
        </test-method> <!-- tc10_openCartPage -->
        <test-method signature="tc11_goToCheckout()[pri:11, instance:savyotestscrit.Savyouaudit2@35dab4eb]" started-at="2026-04-10T12:11:37 GMT-04:00" name="tc11_goToCheckout" finished-at="2026-04-10T12:11:46 GMT-04:00" depends-on-methods="savyotestscrit.Savyouaudit2.tc10_openCartPage" duration-ms="9098" status="PASS">
          <reporter-output>
          </reporter-output>
        </test-method> <!-- tc11_goToCheckout -->
        <test-method signature="tc12_selectShippingAndFinalCheckout()[pri:12, instance:savyotestscrit.Savyouaudit2@35dab4eb]" started-at="2026-04-10T12:11:46 GMT-04:00" name="tc12_selectShippingAndFinalCheckout" finished-at="2026-04-10T12:11:50 GMT-04:00" depends-on-methods="savyotestscrit.Savyouaudit2.tc11_goToCheckout" duration-ms="4431" status="PASS">
          <reporter-output>
          </reporter-output>
        </test-method> <!-- tc12_selectShippingAndFinalCheckout -->
        <test-method signature="tc13_returnToHomePage()[pri:13, instance:savyotestscrit.Savyouaudit2@35dab4eb]" started-at="2026-04-10T12:11:50 GMT-04:00" name="tc13_returnToHomePage" finished-at="2026-04-10T12:11:56 GMT-04:00" depends-on-methods="savyotestscrit.Savyouaudit2.tc12_selectShippingAndFinalCheckout" duration-ms="6054" status="PASS">
          <reporter-output>
          </reporter-output>
        </test-method> <!-- tc13_returnToHomePage -->
        <test-method is-config="true" signature="afterClass()[pri:0, instance:savyotestscrit.Savyouaudit2@35dab4eb]" started-at="2026-04-10T12:11:56 GMT-04:00" name="afterClass" finished-at="2026-04-10T12:12:00 GMT-04:00" duration-ms="3872" status="PASS">
          <reporter-output>
          </reporter-output>
        </test-method> <!-- afterClass -->
      </class> <!-- savyotestscrit.Savyouaudit2 -->
    </test> <!-- Default test -->
  </suite> <!-- Default suite -->
</testng-results>
